        Placement Information by AbstractConstrainedVertex
        ===============================

Generated: Tue 13 Jan 2015 05:26:18 PM UTC for target machine '192.168.240.253'

**** AbstractConstrainedVertex: 'spike_injector_1'
Model: ReverseIpTagMultiCastSource
Pop sz: 1
Sub-vertices: 
  Slice 0:0 (1 atoms) on core (0, 0, 1) 

**** AbstractConstrainedVertex: 'pop_2'
Model: IF_curr_exp
Pop sz: 100
Sub-vertices: 
  Slice 0:99 (100 atoms) on core (0, 0, 3) 

**** AbstractConstrainedVertex: 'spike_injector_1_delayed'
Model: DelayExtension
Pop sz: 1
Sub-vertices: 
  Slice 0:0 (1 atoms) on core (0, 0, 2) 

**** AbstractConstrainedVertex: 'pop_2_delayed'
Model: DelayExtension
Pop sz: 100
Sub-vertices: 
  Slice 0:99 (100 atoms) on core (0, 0, 4) 

