        Placement Information by AbstractConstrainedVertex
        ===============================

Generated: Tue 13 Jan 2015 02:31:52 PM UTC for target machine '192.168.240.253'

**** AbstractConstrainedVertex: 'input_spike'
Model: SpikeSourceArray
Pop sz: 1
Sub-vertices: 
  Slice 0:0 (1 atoms) on core (0, 0, 2) 

**** AbstractConstrainedVertex: 'pop_2'
Model: IF_curr_exp
Pop sz: 100
Sub-vertices: 
  Slice 0:99 (100 atoms) on core (0, 0, 4) 

**** AbstractConstrainedVertex: 'input_spike_delayed'
Model: DelayExtension
Pop sz: 1
Sub-vertices: 
  Slice 0:0 (1 atoms) on core (0, 0, 3) 

**** AbstractConstrainedVertex: 'pop_2_delayed'
Model: DelayExtension
Pop sz: 100
Sub-vertices: 
  Slice 0:99 (100 atoms) on core (0, 0, 5) 

**** AbstractConstrainedVertex: 'Monitor'
Model: live packet gather
Pop sz: 1
Sub-vertices: 
  Slice 0:0 (1 atoms) on core (0, 0, 1) 

